============================================================
ASM Experiment Job
============================================================
Job ID:      50355935
Node:        m3n101
Start time:  Fri Jan 23 02:38:24 PM AEDT 2026
Directory:   /var/spool/slurmd/job50355935
Experiment:  exp1
Extra args:  --dry-run
============================================================

Activating virtual environment...

GPU Status:
  CUDA available: True
  Device: NVIDIA A100 80GB PCIe

nvidia-smi:
name, memory.total [MiB], memory.free [MiB]
NVIDIA A100 80GB PCIe, 81920 MiB, 81154 MiB

============================================================
Environment Validation
============================================================

WARNING: Environment check reported issues (exit code 2)
The experiment may fail. Check the output above for details.


============================================================
Starting exp1...
============================================================

Command: python -m exp1_fusion.run_experiments --dry-run


============================================================
Job completed
Exit code:   1
End time:    Fri Jan 23 02:38:44 PM AEDT 2026
============================================================
